Compiling the C compiler identification source file "CMakeCCompilerId.c" failed.
Compiler: /usr/bin/gcc-7 
Build flags: 
Id flags:  

The output was:
No such file or directory


Compiling the C compiler identification source file "CMakeCCompilerId.c" failed.
Compiler: /usr/bin/gcc-7 
Build flags: 
Id flags: -c 

The output was:
No such file or directory


Compiling the C compiler identification source file "CMakeCCompilerId.c" failed.
Compiler: /usr/bin/gcc-7 
Build flags: 
Id flags: -Aa 

The output was:
No such file or directory


Compiling the C compiler identification source file "CMakeCCompilerId.c" failed.
Compiler: /usr/bin/gcc-7 
Build flags: 
Id flags: -D__CLASSIC_C__ 

The output was:
No such file or directory


Compiling the C compiler identification source file "CMakeCCompilerId.c" failed.
Compiler: /usr/bin/gcc-7 
Build flags: 
Id flags:  

The output was:
No such file or directory


Compiling the C compiler identification source file "CMakeCCompilerId.c" failed.
Compiler: /usr/bin/gcc-7 
Build flags: 
Id flags: -c 

The output was:
No such file or directory


Compiling the C compiler identification source file "CMakeCCompilerId.c" failed.
Compiler: /usr/bin/gcc-7 
Build flags: 
Id flags: -Aa 

The output was:
No such file or directory


Compiling the C compiler identification source file "CMakeCCompilerId.c" failed.
Compiler: /usr/bin/gcc-7 
Build flags: 
Id flags: -D__CLASSIC_C__ 

The output was:
No such file or directory


Checking whether the C compiler is IAR using "" did not match "IAR .+ Compiler":
Checking whether the C compiler is IAR using "" did not match "IAR .+ Compiler":
Compiling the CXX compiler identification source file "CMakeCXXCompilerId.cpp" failed.
Compiler: /usr/bin/g++-7 
Build flags: 
Id flags:  

The output was:
No such file or directory


Compiling the CXX compiler identification source file "CMakeCXXCompilerId.cpp" failed.
Compiler: /usr/bin/g++-7 
Build flags: 
Id flags: -c 

The output was:
No such file or directory


Compiling the CXX compiler identification source file "CMakeCXXCompilerId.cpp" failed.
Compiler: /usr/bin/g++-7 
Build flags: 
Id flags: --c++ 

The output was:
No such file or directory


Compiling the CXX compiler identification source file "CMakeCXXCompilerId.cpp" failed.
Compiler: /usr/bin/g++-7 
Build flags: 
Id flags: --ec++ 

The output was:
No such file or directory


Compiling the CXX compiler identification source file "CMakeCXXCompilerId.cpp" failed.
Compiler: /usr/bin/g++-7 
Build flags: 
Id flags:  

The output was:
No such file or directory


Compiling the CXX compiler identification source file "CMakeCXXCompilerId.cpp" failed.
Compiler: /usr/bin/g++-7 
Build flags: 
Id flags: -c 

The output was:
No such file or directory


Compiling the CXX compiler identification source file "CMakeCXXCompilerId.cpp" failed.
Compiler: /usr/bin/g++-7 
Build flags: 
Id flags: --c++ 

The output was:
No such file or directory


Compiling the CXX compiler identification source file "CMakeCXXCompilerId.cpp" failed.
Compiler: /usr/bin/g++-7 
Build flags: 
Id flags: --ec++ 

The output was:
No such file or directory


Checking whether the CXX compiler is IAR using "" did not match "IAR .+ Compiler":
Checking whether the CXX compiler is IAR using "" did not match "IAR .+ Compiler":
Determining if the pthread_create exist failed with the following output:
Change Dir: /home/nvidia/PaulPeters/tensorrtPipe/build/CMakeFiles/CMakeTmp

Run Build Command:"/usr/bin/make" "cmTC_2b19e/fast"
/usr/bin/make -f CMakeFiles/cmTC_2b19e.dir/build.make CMakeFiles/cmTC_2b19e.dir/build
make[1]: Entering directory '/home/nvidia/PaulPeters/tensorrtPipe/build/CMakeFiles/CMakeTmp'
Building C object CMakeFiles/cmTC_2b19e.dir/CheckSymbolExists.c.o
/usr/bin/gcc-7   -fPIC    -o CMakeFiles/cmTC_2b19e.dir/CheckSymbolExists.c.o   -c /home/nvidia/PaulPeters/tensorrtPipe/build/CMakeFiles/CMakeTmp/CheckSymbolExists.c
Linking C executable cmTC_2b19e
/usr/bin/cmake -E cmake_link_script CMakeFiles/cmTC_2b19e.dir/link.txt --verbose=1
/usr/bin/gcc-7 -fPIC     CMakeFiles/cmTC_2b19e.dir/CheckSymbolExists.c.o  -o cmTC_2b19e 
CMakeFiles/cmTC_2b19e.dir/CheckSymbolExists.c.o: In function `main':
CheckSymbolExists.c:(.text+0x14): undefined reference to `pthread_create'
CheckSymbolExists.c:(.text+0x18): undefined reference to `pthread_create'
collect2: error: ld returned 1 exit status
CMakeFiles/cmTC_2b19e.dir/build.make:97: recipe for target 'cmTC_2b19e' failed
make[1]: *** [cmTC_2b19e] Error 1
make[1]: Leaving directory '/home/nvidia/PaulPeters/tensorrtPipe/build/CMakeFiles/CMakeTmp'
Makefile:126: recipe for target 'cmTC_2b19e/fast' failed
make: *** [cmTC_2b19e/fast] Error 2

File /home/nvidia/PaulPeters/tensorrtPipe/build/CMakeFiles/CMakeTmp/CheckSymbolExists.c:
/* */
#include <pthread.h>

int main(int argc, char** argv)
{
  (void)argv;
#ifndef pthread_create
  return ((int*)(&pthread_create))[argc];
#else
  (void)argc;
  return 0;
#endif
}

Determining if the function pthread_create exists in the pthreads failed with the following output:
Change Dir: /home/nvidia/PaulPeters/tensorrtPipe/build/CMakeFiles/CMakeTmp

Run Build Command:"/usr/bin/make" "cmTC_89d69/fast"
/usr/bin/make -f CMakeFiles/cmTC_89d69.dir/build.make CMakeFiles/cmTC_89d69.dir/build
make[1]: Entering directory '/home/nvidia/PaulPeters/tensorrtPipe/build/CMakeFiles/CMakeTmp'
Building C object CMakeFiles/cmTC_89d69.dir/CheckFunctionExists.c.o
/usr/bin/gcc-7   -fPIC -DCHECK_FUNCTION_EXISTS=pthread_create   -o CMakeFiles/cmTC_89d69.dir/CheckFunctionExists.c.o   -c /usr/share/cmake-3.10/Modules/CheckFunctionExists.c
Linking C executable cmTC_89d69
/usr/bin/cmake -E cmake_link_script CMakeFiles/cmTC_89d69.dir/link.txt --verbose=1
/usr/bin/gcc-7 -fPIC -DCHECK_FUNCTION_EXISTS=pthread_create    CMakeFiles/cmTC_89d69.dir/CheckFunctionExists.c.o  -o cmTC_89d69 -lpthreads 
/usr/bin/ld: cannot find -lpthreads
collect2: error: ld returned 1 exit status
CMakeFiles/cmTC_89d69.dir/build.make:97: recipe for target 'cmTC_89d69' failed
make[1]: *** [cmTC_89d69] Error 1
make[1]: Leaving directory '/home/nvidia/PaulPeters/tensorrtPipe/build/CMakeFiles/CMakeTmp'
Makefile:126: recipe for target 'cmTC_89d69/fast' failed
make: *** [cmTC_89d69/fast] Error 2


